{"/home/cana/Documents/Programas/libtest/App.js": {"path":"/home/cana/Documents/Programas/libtest/App.js","statementMap":{"0":{"start":{"line":8,"column":13},"end":{"line":16,"column":1}},"1":{"start":{"line":10,"column":4},"end":{"line":15,"column":16}}},"fnMap":{"0":{"name":"(anonymous_0)","decl":{"start":{"line":8,"column":13},"end":{"line":8,"column":14}},"loc":{"start":{"line":10,"column":4},"end":{"line":15,"column":16}},"line":10}},"branchMap":{},"s":{"0":1,"1":1},"f":{"0":1},"b":{},"_coverageSchema":"1a1c01bbd47fc00a2c39e90264f33305004495a9","hash":"e4e8dd7f6aba144207a660513a2f8deda6081423"}
,"/home/cana/Documents/Programas/libtest/src/api/Auth.js": {"path":"/home/cana/Documents/Programas/libtest/src/api/Auth.js","statementMap":{"0":{"start":{"line":4,"column":23},"end":{"line":17,"column":1}},"1":{"start":{"line":6,"column":4},"end":{"line":16,"column":5}},"2":{"start":{"line":8,"column":25},"end":{"line":8,"column":45}},"3":{"start":{"line":9,"column":8},"end":{"line":9,"column":43}},"4":{"start":{"line":10,"column":8},"end":{"line":10,"column":24}},"5":{"start":{"line":14,"column":8},"end":{"line":14,"column":28}},"6":{"start":{"line":15,"column":8},"end":{"line":15,"column":18}},"7":{"start":{"line":20,"column":0},"end":{"line":24,"column":1}},"8":{"start":{"line":21,"column":23},"end":{"line":21,"column":88}},"9":{"start":{"line":22,"column":32},"end":{"line":22,"column":99}},"10":{"start":{"line":23,"column":25},"end":{"line":23,"column":80}}},"fnMap":{"0":{"name":"(anonymous_0)","decl":{"start":{"line":4,"column":23},"end":{"line":4,"column":24}},"loc":{"start":{"line":5,"column":0},"end":{"line":17,"column":1}},"line":5},"1":{"name":"(anonymous_1)","decl":{"start":{"line":21,"column":14},"end":{"line":21,"column":15}},"loc":{"start":{"line":21,"column":23},"end":{"line":21,"column":88}},"line":21},"2":{"name":"(anonymous_2)","decl":{"start":{"line":22,"column":11},"end":{"line":22,"column":12}},"loc":{"start":{"line":22,"column":32},"end":{"line":22,"column":99}},"line":22},"3":{"name":"(anonymous_3)","decl":{"start":{"line":23,"column":13},"end":{"line":23,"column":14}},"loc":{"start":{"line":23,"column":25},"end":{"line":23,"column":80}},"line":23}},"branchMap":{},"s":{"0":2,"1":3,"2":3,"3":2,"4":2,"5":1,"6":1,"7":2,"8":4,"9":2,"10":1},"f":{"0":3,"1":4,"2":2,"3":1},"b":{},"_coverageSchema":"1a1c01bbd47fc00a2c39e90264f33305004495a9","hash":"fff01610843a825cbb28974204cfa61f27bec4e3"}
,"/home/cana/Documents/Programas/libtest/src/api/Restricted.js": {"path":"/home/cana/Documents/Programas/libtest/src/api/Restricted.js","statementMap":{"0":{"start":{"line":5,"column":0},"end":{"line":7,"column":1}},"1":{"start":{"line":6,"column":15},"end":{"line":6,"column":56}}},"fnMap":{"0":{"name":"(anonymous_0)","decl":{"start":{"line":6,"column":9},"end":{"line":6,"column":10}},"loc":{"start":{"line":6,"column":15},"end":{"line":6,"column":56}},"line":6}},"branchMap":{},"s":{"0":2,"1":1},"f":{"0":1},"b":{},"_coverageSchema":"1a1c01bbd47fc00a2c39e90264f33305004495a9","hash":"53dc9df1f1e0ada0e832a0a0c8fe6313755396fa"}
,"/home/cana/Documents/Programas/libtest/src/api/client/mock.js": {"path":"/home/cana/Documents/Programas/libtest/src/api/client/mock.js","statementMap":{"0":{"start":{"line":5,"column":0},"end":{"line":8,"column":1}}},"fnMap":{},"branchMap":{},"s":{"0":3},"f":{},"b":{},"_coverageSchema":"1a1c01bbd47fc00a2c39e90264f33305004495a9","hash":"4f44091ea58afe794ebf2d3877fd19180206efbf"}
,"/home/cana/Documents/Programas/libtest/src/api/client/paths.js": {"path":"/home/cana/Documents/Programas/libtest/src/api/client/paths.js","statementMap":{"0":{"start":{"line":1,"column":12},"end":{"line":1,"column":17}},"1":{"start":{"line":2,"column":19},"end":{"line":2,"column":31}},"2":{"start":{"line":5,"column":0},"end":{"line":18,"column":1}}},"fnMap":{},"branchMap":{},"s":{"0":3,"1":3,"2":3},"f":{},"b":{},"_coverageSchema":"1a1c01bbd47fc00a2c39e90264f33305004495a9","hash":"d13fa2bf3f833985972498935fb2002d4c23981f"}
,"/home/cana/Documents/Programas/libtest/src/contexts/AuthContext.js": {"path":"/home/cana/Documents/Programas/libtest/src/contexts/AuthContext.js","statementMap":{"0":{"start":{"line":9,"column":16},"end":{"line":9,"column":39}},"1":{"start":{"line":16,"column":8},"end":{"line":16,"column":20}},"2":{"start":{"line":18,"column":8},"end":{"line":24,"column":9}},"3":{"start":{"line":27,"column":11},"end":{"line":32,"column":5}},"4":{"start":{"line":29,"column":25},"end":{"line":29,"column":46}},"5":{"start":{"line":30,"column":8},"end":{"line":30,"column":37}},"6":{"start":{"line":31,"column":8},"end":{"line":31,"column":64}},"7":{"start":{"line":31,"column":34},"end":{"line":31,"column":64}},"8":{"start":{"line":34,"column":13},"end":{"line":48,"column":5}},"9":{"start":{"line":36,"column":8},"end":{"line":47,"column":27}},"10":{"start":{"line":50,"column":12},"end":{"line":68,"column":5}},"11":{"start":{"line":52,"column":8},"end":{"line":67,"column":9}},"12":{"start":{"line":54,"column":12},"end":{"line":54,"column":42}},"13":{"start":{"line":55,"column":27},"end":{"line":55,"column":57}},"14":{"start":{"line":56,"column":12},"end":{"line":56,"column":83}},"15":{"start":{"line":60,"column":12},"end":{"line":60,"column":37}},"16":{"start":{"line":61,"column":12},"end":{"line":66,"column":13}},"17":{"start":{"line":70,"column":18},"end":{"line":88,"column":5}},"18":{"start":{"line":72,"column":8},"end":{"line":87,"column":9}},"19":{"start":{"line":74,"column":12},"end":{"line":74,"column":42}},"20":{"start":{"line":75,"column":26},"end":{"line":75,"column":46}},"21":{"start":{"line":76,"column":12},"end":{"line":77,"column":59}},"22":{"start":{"line":76,"column":36},"end":{"line":76,"column":68}},"23":{"start":{"line":77,"column":17},"end":{"line":77,"column":59}},"24":{"start":{"line":81,"column":12},"end":{"line":86,"column":13}},"25":{"start":{"line":90,"column":17},"end":{"line":108,"column":5}},"26":{"start":{"line":92,"column":8},"end":{"line":107,"column":9}},"27":{"start":{"line":94,"column":12},"end":{"line":94,"column":43}},"28":{"start":{"line":95,"column":26},"end":{"line":95,"column":105}},"29":{"start":{"line":96,"column":12},"end":{"line":97,"column":59}},"30":{"start":{"line":96,"column":36},"end":{"line":96,"column":68}},"31":{"start":{"line":97,"column":17},"end":{"line":97,"column":59}},"32":{"start":{"line":101,"column":12},"end":{"line":106,"column":13}},"33":{"start":{"line":110,"column":25},"end":{"line":122,"column":5}},"34":{"start":{"line":112,"column":8},"end":{"line":119,"column":9}},"35":{"start":{"line":120,"column":8},"end":{"line":120,"column":41}},"36":{"start":{"line":121,"column":8},"end":{"line":121,"column":43}},"37":{"start":{"line":124,"column":13},"end":{"line":130,"column":5}},"38":{"start":{"line":126,"column":8},"end":{"line":126,"column":49}},"39":{"start":{"line":127,"column":8},"end":{"line":127,"column":28}},"40":{"start":{"line":128,"column":8},"end":{"line":128,"column":31}},"41":{"start":{"line":129,"column":8},"end":{"line":129,"column":30}}},"fnMap":{"0":{"name":"(anonymous_0)","decl":{"start":{"line":14,"column":4},"end":{"line":14,"column":5}},"loc":{"start":{"line":15,"column":4},"end":{"line":25,"column":5}},"line":15},"1":{"name":"(anonymous_1)","decl":{"start":{"line":27,"column":11},"end":{"line":27,"column":12}},"loc":{"start":{"line":28,"column":4},"end":{"line":32,"column":5}},"line":28},"2":{"name":"(anonymous_2)","decl":{"start":{"line":34,"column":13},"end":{"line":34,"column":14}},"loc":{"start":{"line":36,"column":8},"end":{"line":47,"column":27}},"line":36},"3":{"name":"(anonymous_3)","decl":{"start":{"line":50,"column":12},"end":{"line":50,"column":13}},"loc":{"start":{"line":51,"column":4},"end":{"line":68,"column":5}},"line":51},"4":{"name":"(anonymous_4)","decl":{"start":{"line":70,"column":18},"end":{"line":70,"column":19}},"loc":{"start":{"line":71,"column":4},"end":{"line":88,"column":5}},"line":71},"5":{"name":"(anonymous_5)","decl":{"start":{"line":90,"column":17},"end":{"line":90,"column":18}},"loc":{"start":{"line":91,"column":4},"end":{"line":108,"column":5}},"line":91},"6":{"name":"(anonymous_6)","decl":{"start":{"line":110,"column":25},"end":{"line":110,"column":26}},"loc":{"start":{"line":111,"column":4},"end":{"line":122,"column":5}},"line":111},"7":{"name":"(anonymous_7)","decl":{"start":{"line":124,"column":13},"end":{"line":124,"column":14}},"loc":{"start":{"line":125,"column":4},"end":{"line":130,"column":5}},"line":125}},"branchMap":{"0":{"loc":{"start":{"line":31,"column":8},"end":{"line":31,"column":64}},"type":"if","locations":[{"start":{"line":31,"column":8},"end":{"line":31,"column":64}},{"start":{"line":31,"column":8},"end":{"line":31,"column":64}}],"line":31},"1":{"loc":{"start":{"line":76,"column":12},"end":{"line":77,"column":59}},"type":"if","locations":[{"start":{"line":76,"column":12},"end":{"line":77,"column":59}},{"start":{"line":76,"column":12},"end":{"line":77,"column":59}}],"line":76},"2":{"loc":{"start":{"line":95,"column":26},"end":{"line":95,"column":105}},"type":"cond-expr","locations":[{"start":{"line":95,"column":54},"end":{"line":95,"column":80}},{"start":{"line":95,"column":83},"end":{"line":95,"column":105}}],"line":95},"3":{"loc":{"start":{"line":96,"column":12},"end":{"line":97,"column":59}},"type":"if","locations":[{"start":{"line":96,"column":12},"end":{"line":97,"column":59}},{"start":{"line":96,"column":12},"end":{"line":97,"column":59}}],"line":96}},"s":{"0":1,"1":1,"2":1,"3":1,"4":0,"5":0,"6":0,"7":0,"8":1,"9":1,"10":1,"11":0,"12":0,"13":0,"14":0,"15":0,"16":0,"17":1,"18":0,"19":0,"20":0,"21":0,"22":0,"23":0,"24":0,"25":1,"26":0,"27":0,"28":0,"29":0,"30":0,"31":0,"32":0,"33":1,"34":0,"35":0,"36":0,"37":1,"38":0,"39":0,"40":0,"41":0},"f":{"0":1,"1":0,"2":1,"3":0,"4":0,"5":0,"6":0,"7":0},"b":{"0":[0,0],"1":[0,0],"2":[0,0],"3":[0,0]},"_coverageSchema":"1a1c01bbd47fc00a2c39e90264f33305004495a9","hash":"a76467475fce6b851294793928b63315f57f5d84"}
,"/home/cana/Documents/Programas/libtest/src/contexts/RestrictedContext.js": {"path":"/home/cana/Documents/Programas/libtest/src/contexts/RestrictedContext.js","statementMap":{"0":{"start":{"line":4,"column":16},"end":{"line":4,"column":39}},"1":{"start":{"line":8,"column":12},"end":{"line":8,"column":23}},"2":{"start":{"line":10,"column":13},"end":{"line":15,"column":5}},"3":{"start":{"line":12,"column":8},"end":{"line":14,"column":27}},"4":{"start":{"line":17,"column":17},"end":{"line":21,"column":5}},"5":{"start":{"line":19,"column":23},"end":{"line":19,"column":47}},"6":{"start":{"line":20,"column":8},"end":{"line":20,"column":43}}},"fnMap":{"0":{"name":"(anonymous_0)","decl":{"start":{"line":10,"column":13},"end":{"line":10,"column":14}},"loc":{"start":{"line":12,"column":8},"end":{"line":14,"column":27}},"line":12},"1":{"name":"(anonymous_1)","decl":{"start":{"line":17,"column":17},"end":{"line":17,"column":18}},"loc":{"start":{"line":18,"column":4},"end":{"line":21,"column":5}},"line":18}},"branchMap":{},"s":{"0":1,"1":1,"2":1,"3":1,"4":1,"5":0,"6":0},"f":{"0":1,"1":0},"b":{},"_coverageSchema":"1a1c01bbd47fc00a2c39e90264f33305004495a9","hash":"d49a24a701f662cb3bab6f6b0bc850ca711771f2"}
,"/home/cana/Documents/Programas/libtest/src/federated/appleAndroidSignIn.js": {"path":"/home/cana/Documents/Programas/libtest/src/federated/appleAndroidSignIn.js","statementMap":{"0":{"start":{"line":5,"column":4},"end":{"line":31,"column":5}},"1":{"start":{"line":7,"column":8},"end":{"line":10,"column":11}},"2":{"start":{"line":12,"column":25},"end":{"line":12,"column":56}},"3":{"start":{"line":13,"column":8},"end":{"line":13,"column":47}},"4":{"start":{"line":13,"column":22},"end":{"line":13,"column":47}},"5":{"start":{"line":17,"column":8},"end":{"line":30,"column":9}},"6":{"start":{"line":20,"column":16},"end":{"line":20,"column":68}},"7":{"start":{"line":21,"column":16},"end":{"line":21,"column":22}},"8":{"start":{"line":23,"column":16},"end":{"line":23,"column":52}},"9":{"start":{"line":24,"column":16},"end":{"line":24,"column":22}},"10":{"start":{"line":26,"column":16},"end":{"line":26,"column":60}},"11":{"start":{"line":27,"column":16},"end":{"line":27,"column":22}},"12":{"start":{"line":29,"column":16},"end":{"line":29,"column":28}}},"fnMap":{"0":{"name":"(anonymous_0)","decl":{"start":{"line":3,"column":15},"end":{"line":3,"column":16}},"loc":{"start":{"line":4,"column":0},"end":{"line":32,"column":1}},"line":4}},"branchMap":{"0":{"loc":{"start":{"line":13,"column":8},"end":{"line":13,"column":47}},"type":"if","locations":[{"start":{"line":13,"column":8},"end":{"line":13,"column":47}},{"start":{"line":13,"column":8},"end":{"line":13,"column":47}}],"line":13},"1":{"loc":{"start":{"line":17,"column":8},"end":{"line":30,"column":9}},"type":"switch","locations":[{"start":{"line":19,"column":12},"end":{"line":21,"column":22}},{"start":{"line":22,"column":12},"end":{"line":24,"column":22}},{"start":{"line":25,"column":12},"end":{"line":27,"column":22}},{"start":{"line":28,"column":12},"end":{"line":29,"column":28}}],"line":17}},"s":{"0":6,"1":6,"2":6,"3":2,"4":1,"5":4,"6":1,"7":1,"8":1,"9":1,"10":1,"11":1,"12":1},"f":{"0":6},"b":{"0":[1,1],"1":[1,1,1,1]},"_coverageSchema":"1a1c01bbd47fc00a2c39e90264f33305004495a9","hash":"fb5f55c8a92aa030e8a86a364ed57ffb05ba66d3"}
,"/home/cana/Documents/Programas/libtest/src/federated/appleiOSSignIn.js": {"path":"/home/cana/Documents/Programas/libtest/src/federated/appleiOSSignIn.js","statementMap":{"0":{"start":{"line":5,"column":37},"end":{"line":10,"column":5}},"1":{"start":{"line":11,"column":28},"end":{"line":11,"column":100}},"2":{"start":{"line":13,"column":4},"end":{"line":13,"column":101}},"3":{"start":{"line":13,"column":55},"end":{"line":13,"column":101}}},"fnMap":{"0":{"name":"(anonymous_0)","decl":{"start":{"line":3,"column":15},"end":{"line":3,"column":16}},"loc":{"start":{"line":4,"column":0},"end":{"line":14,"column":1}},"line":4}},"branchMap":{"0":{"loc":{"start":{"line":13,"column":4},"end":{"line":13,"column":101}},"type":"if","locations":[{"start":{"line":13,"column":4},"end":{"line":13,"column":101}},{"start":{"line":13,"column":4},"end":{"line":13,"column":101}}],"line":13}},"s":{"0":3,"1":2,"2":2,"3":1},"f":{"0":3},"b":{"0":[1,1]},"_coverageSchema":"1a1c01bbd47fc00a2c39e90264f33305004495a9","hash":"5f8d192f5ecc1df7c116a9d86ec1e3dc50eeee35"}
,"/home/cana/Documents/Programas/libtest/src/federated/googleSignIn.js": {"path":"/home/cana/Documents/Programas/libtest/src/federated/googleSignIn.js","statementMap":{"0":{"start":{"line":6,"column":0},"end":{"line":11,"column":1}},"1":{"start":{"line":15,"column":1},"end":{"line":31,"column":2}},"2":{"start":{"line":17,"column":2},"end":{"line":17,"column":39}},"3":{"start":{"line":18,"column":19},"end":{"line":18,"column":46}},"4":{"start":{"line":19,"column":2},"end":{"line":19,"column":26}},"5":{"start":{"line":23,"column":2},"end":{"line":30,"column":3}},"6":{"start":{"line":23,"column":52},"end":{"line":23,"column":76}},"7":{"start":{"line":24,"column":7},"end":{"line":30,"column":3}},"8":{"start":{"line":24,"column":51},"end":{"line":24,"column":74}},"9":{"start":{"line":25,"column":7},"end":{"line":30,"column":3}},"10":{"start":{"line":25,"column":67},"end":{"line":25,"column":93}},"11":{"start":{"line":28,"column":3},"end":{"line":28,"column":22}},"12":{"start":{"line":29,"column":3},"end":{"line":29,"column":16}},"13":{"start":{"line":34,"column":29},"end":{"line":37,"column":1}},"14":{"start":{"line":36,"column":1},"end":{"line":36,"column":60}},"15":{"start":{"line":36,"column":31},"end":{"line":36,"column":60}}},"fnMap":{"0":{"name":"(anonymous_0)","decl":{"start":{"line":13,"column":15},"end":{"line":13,"column":16}},"loc":{"start":{"line":14,"column":0},"end":{"line":32,"column":1}},"line":14},"1":{"name":"(anonymous_1)","decl":{"start":{"line":34,"column":29},"end":{"line":34,"column":30}},"loc":{"start":{"line":35,"column":0},"end":{"line":37,"column":1}},"line":35}},"branchMap":{"0":{"loc":{"start":{"line":23,"column":2},"end":{"line":30,"column":3}},"type":"if","locations":[{"start":{"line":23,"column":2},"end":{"line":30,"column":3}},{"start":{"line":23,"column":2},"end":{"line":30,"column":3}}],"line":23},"1":{"loc":{"start":{"line":24,"column":7},"end":{"line":30,"column":3}},"type":"if","locations":[{"start":{"line":24,"column":7},"end":{"line":30,"column":3}},{"start":{"line":24,"column":7},"end":{"line":30,"column":3}}],"line":24},"2":{"loc":{"start":{"line":25,"column":7},"end":{"line":30,"column":3}},"type":"if","locations":[{"start":{"line":25,"column":7},"end":{"line":30,"column":3}},{"start":{"line":25,"column":7},"end":{"line":30,"column":3}}],"line":25},"3":{"loc":{"start":{"line":36,"column":1},"end":{"line":36,"column":60}},"type":"if","locations":[{"start":{"line":36,"column":1},"end":{"line":36,"column":60}},{"start":{"line":36,"column":1},"end":{"line":36,"column":60}}],"line":36}},"s":{"0":1,"1":0,"2":0,"3":0,"4":0,"5":0,"6":0,"7":0,"8":0,"9":0,"10":0,"11":0,"12":0,"13":1,"14":0,"15":0},"f":{"0":0,"1":0},"b":{"0":[0,0],"1":[0,0],"2":[0,0],"3":[0,0]},"_coverageSchema":"1a1c01bbd47fc00a2c39e90264f33305004495a9","hash":"b6ef701213122969ffe553e3a958ea824747e11b"}
,"/home/cana/Documents/Programas/libtest/src/local/UserData.js": {"path":"/home/cana/Documents/Programas/libtest/src/local/UserData.js","statementMap":{"0":{"start":{"line":3,"column":12},"end":{"line":3,"column":24}},"1":{"start":{"line":6,"column":0},"end":{"line":9,"column":1}},"2":{"start":{"line":12,"column":0},"end":{"line":66,"column":1}},"3":{"start":{"line":15,"column":8},"end":{"line":24,"column":9}},"4":{"start":{"line":17,"column":24},"end":{"line":17,"column":55}},"5":{"start":{"line":18,"column":25},"end":{"line":18,"column":68}},"6":{"start":{"line":19,"column":12},"end":{"line":19,"column":24}},"7":{"start":{"line":23,"column":12},"end":{"line":23,"column":31}},"8":{"start":{"line":29,"column":8},"end":{"line":38,"column":9}},"9":{"start":{"line":31,"column":25},"end":{"line":31,"column":46}},"10":{"start":{"line":32,"column":12},"end":{"line":32,"column":31}},"11":{"start":{"line":33,"column":12},"end":{"line":33,"column":66}},"12":{"start":{"line":37,"column":12},"end":{"line":37,"column":19}},"13":{"start":{"line":43,"column":8},"end":{"line":52,"column":9}},"14":{"start":{"line":45,"column":25},"end":{"line":45,"column":46}},"15":{"start":{"line":46,"column":12},"end":{"line":46,"column":33}},"16":{"start":{"line":47,"column":12},"end":{"line":47,"column":66}},"17":{"start":{"line":51,"column":12},"end":{"line":51,"column":19}},"18":{"start":{"line":57,"column":8},"end":{"line":64,"column":9}},"19":{"start":{"line":59,"column":12},"end":{"line":59,"column":73}},"20":{"start":{"line":63,"column":12},"end":{"line":63,"column":19}}},"fnMap":{"0":{"name":"(anonymous_0)","decl":{"start":{"line":13,"column":10},"end":{"line":13,"column":11}},"loc":{"start":{"line":14,"column":4},"end":{"line":25,"column":5}},"line":14},"1":{"name":"(anonymous_1)","decl":{"start":{"line":27,"column":16},"end":{"line":27,"column":17}},"loc":{"start":{"line":28,"column":4},"end":{"line":39,"column":5}},"line":28},"2":{"name":"(anonymous_2)","decl":{"start":{"line":41,"column":15},"end":{"line":41,"column":16}},"loc":{"start":{"line":42,"column":4},"end":{"line":53,"column":5}},"line":42},"3":{"name":"(anonymous_3)","decl":{"start":{"line":55,"column":11},"end":{"line":55,"column":12}},"loc":{"start":{"line":56,"column":4},"end":{"line":65,"column":5}},"line":56}},"branchMap":{"0":{"loc":{"start":{"line":18,"column":25},"end":{"line":18,"column":68}},"type":"cond-expr","locations":[{"start":{"line":18,"column":39},"end":{"line":18,"column":54}},{"start":{"line":18,"column":57},"end":{"line":18,"column":68}}],"line":18}},"s":{"0":1,"1":1,"2":1,"3":0,"4":0,"5":0,"6":0,"7":0,"8":0,"9":0,"10":0,"11":0,"12":0,"13":0,"14":0,"15":0,"16":0,"17":0,"18":0,"19":0,"20":0},"f":{"0":0,"1":0,"2":0,"3":0},"b":{"0":[0,0]},"_coverageSchema":"1a1c01bbd47fc00a2c39e90264f33305004495a9","hash":"f3e60c84fe51d72e45aa27e7219ee6dc873e09a3"}
,"/home/cana/Documents/Programas/libtest/src/navigation/MainDrawer.js": {"path":"/home/cana/Documents/Programas/libtest/src/navigation/MainDrawer.js","statementMap":{"0":{"start":{"line":7,"column":15},"end":{"line":7,"column":38}},"1":{"start":{"line":11,"column":4},"end":{"line":14,"column":23}}},"fnMap":{"0":{"name":"(anonymous_0)","decl":{"start":{"line":9,"column":15},"end":{"line":9,"column":16}},"loc":{"start":{"line":11,"column":4},"end":{"line":14,"column":23}},"line":11}},"branchMap":{},"s":{"0":1,"1":0},"f":{"0":0},"b":{},"_coverageSchema":"1a1c01bbd47fc00a2c39e90264f33305004495a9","hash":"53ff8de2443de110b5f47366fe00d1243137ddad"}
,"/home/cana/Documents/Programas/libtest/src/navigation/MainStack.js": {"path":"/home/cana/Documents/Programas/libtest/src/navigation/MainStack.js","statementMap":{"0":{"start":{"line":9,"column":14},"end":{"line":9,"column":36}},"1":{"start":{"line":13,"column":4},"end":{"line":36,"column":22}},"2":{"start":{"line":21,"column":20},"end":{"line":31,"column":21}},"3":{"start":{"line":24,"column":28},"end":{"line":27,"column":30}}},"fnMap":{"0":{"name":"(anonymous_0)","decl":{"start":{"line":11,"column":15},"end":{"line":11,"column":16}},"loc":{"start":{"line":13,"column":4},"end":{"line":36,"column":22}},"line":13},"1":{"name":"(anonymous_1)","decl":{"start":{"line":19,"column":16},"end":{"line":19,"column":17}},"loc":{"start":{"line":21,"column":20},"end":{"line":31,"column":21}},"line":21},"2":{"name":"(anonymous_2)","decl":{"start":{"line":22,"column":36},"end":{"line":22,"column":37}},"loc":{"start":{"line":24,"column":28},"end":{"line":27,"column":30}},"line":24}},"branchMap":{},"s":{"0":1,"1":0,"2":0,"3":0},"f":{"0":0,"1":0,"2":0},"b":{},"_coverageSchema":"1a1c01bbd47fc00a2c39e90264f33305004495a9","hash":"e95260e7dd5ab99bc0a14db56613c89fa82e1e9c"}
,"/home/cana/Documents/Programas/libtest/src/navigation/NavigationRoot.js": {"path":"/home/cana/Documents/Programas/libtest/src/navigation/NavigationRoot.js","statementMap":{"0":{"start":{"line":9,"column":17},"end":{"line":9,"column":40}},"1":{"start":{"line":11,"column":4},"end":{"line":11,"column":53}},"2":{"start":{"line":11,"column":26},"end":{"line":11,"column":53}},"3":{"start":{"line":12,"column":4},"end":{"line":12,"column":61}},"4":{"start":{"line":16,"column":8},"end":{"line":18,"column":30}},"5":{"start":{"line":21,"column":4},"end":{"line":21,"column":16}}},"fnMap":{"0":{"name":"(anonymous_0)","decl":{"start":{"line":7,"column":15},"end":{"line":7,"column":16}},"loc":{"start":{"line":8,"column":0},"end":{"line":22,"column":1}},"line":8}},"branchMap":{"0":{"loc":{"start":{"line":11,"column":4},"end":{"line":11,"column":53}},"type":"if","locations":[{"start":{"line":11,"column":4},"end":{"line":11,"column":53}},{"start":{"line":11,"column":4},"end":{"line":11,"column":53}}],"line":11}},"s":{"0":0,"1":0,"2":0,"3":0,"4":0,"5":0},"f":{"0":0},"b":{"0":[0,0]},"_coverageSchema":"1a1c01bbd47fc00a2c39e90264f33305004495a9","hash":"12a0cfd9a43fc2390f955c76bed57650ef69a32f"}
,"/home/cana/Documents/Programas/libtest/src/screens/AResourceContainer.js": {"path":"/home/cana/Documents/Programas/libtest/src/screens/AResourceContainer.js","statementMap":{"0":{"start":{"line":5,"column":27},"end":{"line":10,"column":1}},"1":{"start":{"line":7,"column":4},"end":{"line":9,"column":6}},"2":{"start":{"line":8,"column":27},"end":{"line":8,"column":46}},"3":{"start":{"line":12,"column":0},"end":{"line":12,"column":47}}},"fnMap":{"0":{"name":"(anonymous_0)","decl":{"start":{"line":5,"column":27},"end":{"line":5,"column":28}},"loc":{"start":{"line":7,"column":4},"end":{"line":9,"column":6}},"line":7},"1":{"name":"(anonymous_1)","decl":{"start":{"line":8,"column":21},"end":{"line":8,"column":22}},"loc":{"start":{"line":8,"column":27},"end":{"line":8,"column":46}},"line":8}},"branchMap":{},"s":{"0":1,"1":0,"2":0,"3":1},"f":{"0":0,"1":0},"b":{},"_coverageSchema":"1a1c01bbd47fc00a2c39e90264f33305004495a9","hash":"32478b02c0bcbb989bdf7cc8b21517c148ed127d"}
,"/home/cana/Documents/Programas/libtest/src/screens/BResourceContainer.js": {"path":"/home/cana/Documents/Programas/libtest/src/screens/BResourceContainer.js","statementMap":{"0":{"start":{"line":7,"column":27},"end":{"line":21,"column":1}},"1":{"start":{"line":9,"column":21},"end":{"line":9,"column":50}},"2":{"start":{"line":10,"column":4},"end":{"line":10,"column":56}},"3":{"start":{"line":10,"column":22},"end":{"line":10,"column":49}},"4":{"start":{"line":14,"column":8},"end":{"line":17,"column":10}},"5":{"start":{"line":16,"column":31},"end":{"line":16,"column":50}},"6":{"start":{"line":20,"column":4},"end":{"line":20,"column":18}},"7":{"start":{"line":23,"column":0},"end":{"line":23,"column":47}}},"fnMap":{"0":{"name":"(anonymous_0)","decl":{"start":{"line":7,"column":27},"end":{"line":7,"column":28}},"loc":{"start":{"line":8,"column":0},"end":{"line":21,"column":1}},"line":8},"1":{"name":"(anonymous_1)","decl":{"start":{"line":10,"column":14},"end":{"line":10,"column":15}},"loc":{"start":{"line":10,"column":20},"end":{"line":10,"column":50}},"line":10},"2":{"name":"(anonymous_2)","decl":{"start":{"line":16,"column":25},"end":{"line":16,"column":26}},"loc":{"start":{"line":16,"column":31},"end":{"line":16,"column":50}},"line":16}},"branchMap":{},"s":{"0":1,"1":0,"2":0,"3":0,"4":0,"5":0,"6":0,"7":1},"f":{"0":0,"1":0,"2":0},"b":{},"_coverageSchema":"1a1c01bbd47fc00a2c39e90264f33305004495a9","hash":"ae33701f8ab0c7a36042565c75f232bdf661d841"}
,"/home/cana/Documents/Programas/libtest/src/screens/HomeContainer.js": {"path":"/home/cana/Documents/Programas/libtest/src/screens/HomeContainer.js","statementMap":{"0":{"start":{"line":7,"column":22},"end":{"line":27,"column":1}},"1":{"start":{"line":9,"column":17},"end":{"line":9,"column":40}},"2":{"start":{"line":12,"column":4},"end":{"line":15,"column":5}},"3":{"start":{"line":19,"column":8},"end":{"line":23,"column":10}},"4":{"start":{"line":21,"column":28},"end":{"line":21,"column":65}},"5":{"start":{"line":22,"column":28},"end":{"line":22,"column":65}},"6":{"start":{"line":26,"column":4},"end":{"line":26,"column":18}},"7":{"start":{"line":29,"column":0},"end":{"line":29,"column":42}}},"fnMap":{"0":{"name":"(anonymous_0)","decl":{"start":{"line":7,"column":22},"end":{"line":7,"column":23}},"loc":{"start":{"line":8,"column":0},"end":{"line":27,"column":1}},"line":8},"1":{"name":"(anonymous_1)","decl":{"start":{"line":21,"column":22},"end":{"line":21,"column":23}},"loc":{"start":{"line":21,"column":28},"end":{"line":21,"column":65}},"line":21},"2":{"name":"(anonymous_2)","decl":{"start":{"line":22,"column":22},"end":{"line":22,"column":23}},"loc":{"start":{"line":22,"column":28},"end":{"line":22,"column":65}},"line":22}},"branchMap":{},"s":{"0":1,"1":0,"2":0,"3":0,"4":0,"5":0,"6":0,"7":1},"f":{"0":0,"1":0,"2":0},"b":{},"_coverageSchema":"1a1c01bbd47fc00a2c39e90264f33305004495a9","hash":"f27849a23552d03780bf9d59e968541a77a20567"}
,"/home/cana/Documents/Programas/libtest/src/screens/LoginContainer.js": {"path":"/home/cana/Documents/Programas/libtest/src/screens/LoginContainer.js","statementMap":{"0":{"start":{"line":7,"column":17},"end":{"line":7,"column":40}},"1":{"start":{"line":10,"column":8},"end":{"line":16,"column":10}},"2":{"start":{"line":18,"column":4},"end":{"line":18,"column":18}}},"fnMap":{"0":{"name":"(anonymous_0)","decl":{"start":{"line":5,"column":15},"end":{"line":5,"column":16}},"loc":{"start":{"line":6,"column":0},"end":{"line":19,"column":1}},"line":6}},"branchMap":{},"s":{"0":0,"1":0,"2":0},"f":{"0":0},"b":{},"_coverageSchema":"1a1c01bbd47fc00a2c39e90264f33305004495a9","hash":"13752f70edfade70a7125b9a8955b8456cfc0912"}
,"/home/cana/Documents/Programas/libtest/src/screens/LogoutContainer.js": {"path":"/home/cana/Documents/Programas/libtest/src/screens/LogoutContainer.js","statementMap":{"0":{"start":{"line":7,"column":24},"end":{"line":11,"column":1}},"1":{"start":{"line":9,"column":17},"end":{"line":9,"column":40}},"2":{"start":{"line":10,"column":4},"end":{"line":10,"column":138}},"3":{"start":{"line":10,"column":94},"end":{"line":10,"column":134}},"4":{"start":{"line":13,"column":0},"end":{"line":13,"column":44}}},"fnMap":{"0":{"name":"(anonymous_0)","decl":{"start":{"line":7,"column":24},"end":{"line":7,"column":25}},"loc":{"start":{"line":8,"column":0},"end":{"line":11,"column":1}},"line":8},"1":{"name":"(anonymous_1)","decl":{"start":{"line":10,"column":88},"end":{"line":10,"column":89}},"loc":{"start":{"line":10,"column":94},"end":{"line":10,"column":134}},"line":10}},"branchMap":{},"s":{"0":1,"1":0,"2":0,"3":0,"4":1},"f":{"0":0,"1":0},"b":{},"_coverageSchema":"1a1c01bbd47fc00a2c39e90264f33305004495a9","hash":"a1b24a5b941b1c3c65c59ab01d357926876a110f"}
,"/home/cana/Documents/Programas/libtest/src/screens/components/Button.js": {"path":"/home/cana/Documents/Programas/libtest/src/screens/components/Button.js","statementMap":{"0":{"start":{"line":6,"column":15},"end":{"line":33,"column":1}},"1":{"start":{"line":8,"column":4},"end":{"line":17,"column":5}},"2":{"start":{"line":12,"column":12},"end":{"line":14,"column":19}},"3":{"start":{"line":16,"column":8},"end":{"line":16,"column":30}},"4":{"start":{"line":19,"column":22},"end":{"line":19,"column":92}},"5":{"start":{"line":23,"column":8},"end":{"line":29,"column":20}},"6":{"start":{"line":32,"column":4},"end":{"line":32,"column":18}},"7":{"start":{"line":35,"column":0},"end":{"line":40,"column":1}}},"fnMap":{"0":{"name":"(anonymous_0)","decl":{"start":{"line":6,"column":15},"end":{"line":6,"column":16}},"loc":{"start":{"line":7,"column":0},"end":{"line":33,"column":1}},"line":7}},"branchMap":{"0":{"loc":{"start":{"line":8,"column":4},"end":{"line":17,"column":5}},"type":"if","locations":[{"start":{"line":8,"column":4},"end":{"line":17,"column":5}},{"start":{"line":8,"column":4},"end":{"line":17,"column":5}}],"line":8},"1":{"loc":{"start":{"line":19,"column":22},"end":{"line":19,"column":92}},"type":"cond-expr","locations":[{"start":{"line":19,"column":50},"end":{"line":19,"column":73}},{"start":{"line":19,"column":76},"end":{"line":19,"column":92}}],"line":19}},"s":{"0":1,"1":0,"2":0,"3":0,"4":0,"5":0,"6":0,"7":1},"f":{"0":0},"b":{"0":[0,0],"1":[0,0]},"_coverageSchema":"1a1c01bbd47fc00a2c39e90264f33305004495a9","hash":"fe807dd0349f32246a89f26b546759ef651e9fb0"}
,"/home/cana/Documents/Programas/libtest/src/screens/components/Card.js": {"path":"/home/cana/Documents/Programas/libtest/src/screens/components/Card.js","statementMap":{"0":{"start":{"line":6,"column":13},"end":{"line":11,"column":1}},"1":{"start":{"line":8,"column":4},"end":{"line":10,"column":11}},"2":{"start":{"line":13,"column":0},"end":{"line":16,"column":1}}},"fnMap":{"0":{"name":"(anonymous_0)","decl":{"start":{"line":6,"column":13},"end":{"line":6,"column":14}},"loc":{"start":{"line":8,"column":4},"end":{"line":10,"column":11}},"line":8}},"branchMap":{},"s":{"0":1,"1":0,"2":1},"f":{"0":0},"b":{},"_coverageSchema":"1a1c01bbd47fc00a2c39e90264f33305004495a9","hash":"9cb41c1de2c47e730c83852bc24be394a5ac3360"}
,"/home/cana/Documents/Programas/libtest/src/screens/components/IconButton.js": {"path":"/home/cana/Documents/Programas/libtest/src/screens/components/IconButton.js","statementMap":{"0":{"start":{"line":6,"column":19},"end":{"line":15,"column":1}},"1":{"start":{"line":8,"column":4},"end":{"line":14,"column":23}},"2":{"start":{"line":17,"column":0},"end":{"line":21,"column":1}}},"fnMap":{"0":{"name":"(anonymous_0)","decl":{"start":{"line":6,"column":19},"end":{"line":6,"column":20}},"loc":{"start":{"line":8,"column":4},"end":{"line":14,"column":23}},"line":8}},"branchMap":{},"s":{"0":1,"1":0,"2":1},"f":{"0":0},"b":{},"_coverageSchema":"1a1c01bbd47fc00a2c39e90264f33305004495a9","hash":"9629f06970ec2f78629732849e5fcdd630bb91f0"}
,"/home/cana/Documents/Programas/libtest/src/screens/components/LabelledInput.js": {"path":"/home/cana/Documents/Programas/libtest/src/screens/components/LabelledInput.js","statementMap":{"0":{"start":{"line":6,"column":22},"end":{"line":16,"column":2}},"1":{"start":{"line":8,"column":4},"end":{"line":15,"column":11}},"2":{"start":{"line":18,"column":0},"end":{"line":21,"column":1}}},"fnMap":{"0":{"name":"(anonymous_0)","decl":{"start":{"line":6,"column":39},"end":{"line":6,"column":40}},"loc":{"start":{"line":8,"column":4},"end":{"line":15,"column":11}},"line":8}},"branchMap":{},"s":{"0":1,"1":0,"2":1},"f":{"0":0},"b":{},"_coverageSchema":"1a1c01bbd47fc00a2c39e90264f33305004495a9","hash":"24e81a73d9a1c072973a5a0561b0d06d5ab1c21d"}
,"/home/cana/Documents/Programas/libtest/src/screens/components/ScreenContainer.js": {"path":"/home/cana/Documents/Programas/libtest/src/screens/components/ScreenContainer.js","statementMap":{"0":{"start":{"line":6,"column":24},"end":{"line":11,"column":1}},"1":{"start":{"line":8,"column":4},"end":{"line":10,"column":11}},"2":{"start":{"line":13,"column":0},"end":{"line":16,"column":1}}},"fnMap":{"0":{"name":"(anonymous_0)","decl":{"start":{"line":6,"column":24},"end":{"line":6,"column":25}},"loc":{"start":{"line":8,"column":4},"end":{"line":10,"column":11}},"line":8}},"branchMap":{},"s":{"0":1,"1":0,"2":1},"f":{"0":0},"b":{},"_coverageSchema":"1a1c01bbd47fc00a2c39e90264f33305004495a9","hash":"83886c87a8572bfdf8bc087366b3e17b1be8af23"}
,"/home/cana/Documents/Programas/libtest/src/screens/layouts/AResourceLayout.js": {"path":"/home/cana/Documents/Programas/libtest/src/screens/layouts/AResourceLayout.js","statementMap":{"0":{"start":{"line":9,"column":24},"end":{"line":21,"column":1}},"1":{"start":{"line":11,"column":4},"end":{"line":20,"column":22}},"2":{"start":{"line":23,"column":0},"end":{"line":26,"column":1}}},"fnMap":{"0":{"name":"(anonymous_0)","decl":{"start":{"line":9,"column":24},"end":{"line":9,"column":25}},"loc":{"start":{"line":11,"column":4},"end":{"line":20,"column":22}},"line":11}},"branchMap":{},"s":{"0":1,"1":0,"2":1},"f":{"0":0},"b":{},"_coverageSchema":"1a1c01bbd47fc00a2c39e90264f33305004495a9","hash":"b29e7c3992b470753755590494b3423fb46d3c4f"}
,"/home/cana/Documents/Programas/libtest/src/screens/layouts/BResourceLayout.js": {"path":"/home/cana/Documents/Programas/libtest/src/screens/layouts/BResourceLayout.js","statementMap":{"0":{"start":{"line":9,"column":24},"end":{"line":19,"column":1}},"1":{"start":{"line":11,"column":4},"end":{"line":18,"column":22}},"2":{"start":{"line":21,"column":0},"end":{"line":25,"column":1}}},"fnMap":{"0":{"name":"(anonymous_0)","decl":{"start":{"line":9,"column":24},"end":{"line":9,"column":25}},"loc":{"start":{"line":11,"column":4},"end":{"line":18,"column":22}},"line":11}},"branchMap":{},"s":{"0":1,"1":0,"2":1},"f":{"0":0},"b":{},"_coverageSchema":"1a1c01bbd47fc00a2c39e90264f33305004495a9","hash":"1d517e475476bfda7d1e59d9093bc6e106f65832"}
,"/home/cana/Documents/Programas/libtest/src/screens/layouts/HomeLayout.js": {"path":"/home/cana/Documents/Programas/libtest/src/screens/layouts/HomeLayout.js","statementMap":{"0":{"start":{"line":7,"column":19},"end":{"line":13,"column":1}},"1":{"start":{"line":9,"column":4},"end":{"line":12,"column":22}},"2":{"start":{"line":15,"column":0},"end":{"line":25,"column":1}}},"fnMap":{"0":{"name":"(anonymous_0)","decl":{"start":{"line":7,"column":19},"end":{"line":7,"column":20}},"loc":{"start":{"line":9,"column":4},"end":{"line":12,"column":22}},"line":9}},"branchMap":{"0":{"loc":{"start":{"line":10,"column":9},"end":{"line":10,"column":81}},"type":"binary-expr","locations":[{"start":{"line":10,"column":9},"end":{"line":10,"column":21}},{"start":{"line":10,"column":25},"end":{"line":10,"column":81}}],"line":10},"1":{"loc":{"start":{"line":11,"column":9},"end":{"line":11,"column":81}},"type":"binary-expr","locations":[{"start":{"line":11,"column":9},"end":{"line":11,"column":21}},{"start":{"line":11,"column":25},"end":{"line":11,"column":81}}],"line":11}},"s":{"0":1,"1":0,"2":1},"f":{"0":0},"b":{"0":[0,0],"1":[0,0]},"_coverageSchema":"1a1c01bbd47fc00a2c39e90264f33305004495a9","hash":"50c57642b31eb4a51f32919228015e9f23211ebd"}
,"/home/cana/Documents/Programas/libtest/src/screens/layouts/LoginLayout.js": {"path":"/home/cana/Documents/Programas/libtest/src/screens/layouts/LoginLayout.js","statementMap":{"0":{"start":{"line":16,"column":20},"end":{"line":79,"column":1}},"1":{"start":{"line":18,"column":28},"end":{"line":18,"column":40}},"2":{"start":{"line":19,"column":28},"end":{"line":19,"column":40}},"3":{"start":{"line":20,"column":22},"end":{"line":20,"column":30}},"4":{"start":{"line":24,"column":8},"end":{"line":75,"column":31}},"5":{"start":{"line":32,"column":43},"end":{"line":32,"column":53}},"6":{"start":{"line":33,"column":47},"end":{"line":33,"column":72}},"7":{"start":{"line":40,"column":43},"end":{"line":40,"column":53}},"8":{"start":{"line":78,"column":4},"end":{"line":78,"column":18}},"9":{"start":{"line":81,"column":0},"end":{"line":88,"column":1}}},"fnMap":{"0":{"name":"(anonymous_0)","decl":{"start":{"line":16,"column":20},"end":{"line":16,"column":21}},"loc":{"start":{"line":17,"column":0},"end":{"line":79,"column":1}},"line":17},"1":{"name":"(anonymous_1)","decl":{"start":{"line":32,"column":38},"end":{"line":32,"column":39}},"loc":{"start":{"line":32,"column":43},"end":{"line":32,"column":53}},"line":32},"2":{"name":"(anonymous_2)","decl":{"start":{"line":33,"column":41},"end":{"line":33,"column":42}},"loc":{"start":{"line":33,"column":47},"end":{"line":33,"column":72}},"line":33},"3":{"name":"(anonymous_3)","decl":{"start":{"line":40,"column":38},"end":{"line":40,"column":39}},"loc":{"start":{"line":40,"column":43},"end":{"line":40,"column":53}},"line":40}},"branchMap":{"0":{"loc":{"start":{"line":26,"column":22},"end":{"line":26,"column":65}},"type":"cond-expr","locations":[{"start":{"line":26,"column":45},"end":{"line":26,"column":54}},{"start":{"line":26,"column":57},"end":{"line":26,"column":65}}],"line":26},"1":{"loc":{"start":{"line":52,"column":21},"end":{"line":67,"column":23}},"type":"binary-expr","locations":[{"start":{"line":52,"column":21},"end":{"line":52,"column":29}},{"start":{"line":53,"column":20},"end":{"line":67,"column":23}}],"line":52},"2":{"loc":{"start":{"line":69,"column":21},"end":{"line":72,"column":27}},"type":"binary-expr","locations":[{"start":{"line":69,"column":21},"end":{"line":69,"column":26}},{"start":{"line":70,"column":20},"end":{"line":72,"column":27}}],"line":69}},"s":{"0":1,"1":0,"2":0,"3":0,"4":0,"5":0,"6":0,"7":0,"8":0,"9":1},"f":{"0":0,"1":0,"2":0,"3":0},"b":{"0":[0,0],"1":[0,0],"2":[0,0]},"_coverageSchema":"1a1c01bbd47fc00a2c39e90264f33305004495a9","hash":"4ecdb2cb66e58f9226356a54d376b4942e453ac0"}
,"/home/cana/Documents/Programas/libtest/src/screens/layouts/LogoutLayout.js": {"path":"/home/cana/Documents/Programas/libtest/src/screens/layouts/LogoutLayout.js","statementMap":{"0":{"start":{"line":8,"column":21},"end":{"line":18,"column":1}},"1":{"start":{"line":10,"column":4},"end":{"line":17,"column":22}},"2":{"start":{"line":20,"column":0},"end":{"line":25,"column":1}}},"fnMap":{"0":{"name":"(anonymous_0)","decl":{"start":{"line":8,"column":21},"end":{"line":8,"column":22}},"loc":{"start":{"line":10,"column":4},"end":{"line":17,"column":22}},"line":10}},"branchMap":{},"s":{"0":1,"1":0,"2":1},"f":{"0":0},"b":{},"_coverageSchema":"1a1c01bbd47fc00a2c39e90264f33305004495a9","hash":"55f453cd5cb104f8c4f80812f2217be68d28bd8b"}
,"/home/cana/Documents/Programas/libtest/src/screens/proptypes/NavigationProps.js": {"path":"/home/cana/Documents/Programas/libtest/src/screens/proptypes/NavigationProps.js","statementMap":{"0":{"start":{"line":4,"column":0},"end":{"line":11,"column":1}}},"fnMap":{},"branchMap":{},"s":{"0":1},"f":{},"b":{},"_coverageSchema":"1a1c01bbd47fc00a2c39e90264f33305004495a9","hash":"baba723d6c78d612916d1ea69d7ec6a08b6d1517"}
,"/home/cana/Documents/Programas/libtest/src/screens/strings/index.js": {"path":"/home/cana/Documents/Programas/libtest/src/screens/strings/index.js","statementMap":{},"fnMap":{},"branchMap":{},"s":{},"f":{},"b":{},"_coverageSchema":"1a1c01bbd47fc00a2c39e90264f33305004495a9","hash":"5c9b927e6c61cda42c8f601e8d26f5f2413d54fb"}
,"/home/cana/Documents/Programas/libtest/src/screens/styles/index.js": {"path":"/home/cana/Documents/Programas/libtest/src/screens/styles/index.js","statementMap":{},"fnMap":{},"branchMap":{},"s":{},"f":{},"b":{},"_coverageSchema":"1a1c01bbd47fc00a2c39e90264f33305004495a9","hash":"4aeb8234990845958c1f7426425abd568d1f017b"}
,"/home/cana/Documents/Programas/libtest/src/startup/LoadApp.js": {"path":"/home/cana/Documents/Programas/libtest/src/startup/LoadApp.js","statementMap":{"0":{"start":{"line":6,"column":34},"end":{"line":6,"column":48}},"1":{"start":{"line":7,"column":17},"end":{"line":7,"column":40}},"2":{"start":{"line":9,"column":4},"end":{"line":18,"column":10}},"3":{"start":{"line":11,"column":21},"end":{"line":15,"column":9}},"4":{"start":{"line":13,"column":12},"end":{"line":13,"column":30}},"5":{"start":{"line":14,"column":12},"end":{"line":14,"column":30}},"6":{"start":{"line":17,"column":8},"end":{"line":17,"column":15}},"7":{"start":{"line":20,"column":4},"end":{"line":21,"column":47}},"8":{"start":{"line":20,"column":16},"end":{"line":20,"column":28}},"9":{"start":{"line":21,"column":9},"end":{"line":21,"column":47}}},"fnMap":{"0":{"name":"(anonymous_0)","decl":{"start":{"line":4,"column":15},"end":{"line":4,"column":16}},"loc":{"start":{"line":5,"column":0},"end":{"line":22,"column":1}},"line":5},"1":{"name":"(anonymous_1)","decl":{"start":{"line":9,"column":14},"end":{"line":9,"column":15}},"loc":{"start":{"line":10,"column":4},"end":{"line":18,"column":5}},"line":10},"2":{"name":"(anonymous_2)","decl":{"start":{"line":11,"column":21},"end":{"line":11,"column":22}},"loc":{"start":{"line":12,"column":8},"end":{"line":15,"column":9}},"line":12}},"branchMap":{"0":{"loc":{"start":{"line":20,"column":4},"end":{"line":21,"column":47}},"type":"if","locations":[{"start":{"line":20,"column":4},"end":{"line":21,"column":47}},{"start":{"line":20,"column":4},"end":{"line":21,"column":47}}],"line":20}},"s":{"0":1,"1":1,"2":1,"3":0,"4":0,"5":0,"6":0,"7":1,"8":1,"9":0},"f":{"0":1,"1":0,"2":0},"b":{"0":[1,0]},"_coverageSchema":"1a1c01bbd47fc00a2c39e90264f33305004495a9","hash":"256b7116615829a0c906b656dc27176e25355c24"}
,"/home/cana/Documents/Programas/libtest/src/startup/Updater.js": {"path":"/home/cana/Documents/Programas/libtest/src/startup/Updater.js","statementMap":{"0":{"start":{"line":5,"column":24},"end":{"line":22,"column":1}},"1":{"start":{"line":7,"column":2},"end":{"line":21,"column":40}},"2":{"start":{"line":9,"column":19},"end":{"line":9,"column":54}},"3":{"start":{"line":10,"column":4},"end":{"line":19,"column":5}},"4":{"start":{"line":12,"column":6},"end":{"line":12,"column":39}},"5":{"start":{"line":13,"column":6},"end":{"line":18,"column":9}},"6":{"start":{"line":16,"column":25},"end":{"line":16,"column":46}},"7":{"start":{"line":24,"column":16},"end":{"line":35,"column":1}},"8":{"start":{"line":26,"column":31},"end":{"line":26,"column":87}},"9":{"start":{"line":26,"column":44},"end":{"line":26,"column":85}},"10":{"start":{"line":26,"column":67},"end":{"line":26,"column":85}},"11":{"start":{"line":28,"column":2},"end":{"line":32,"column":9}},"12":{"start":{"line":30,"column":4},"end":{"line":30,"column":61}},"13":{"start":{"line":31,"column":4},"end":{"line":31,"column":78}},"14":{"start":{"line":31,"column":17},"end":{"line":31,"column":77}},"15":{"start":{"line":34,"column":2},"end":{"line":34,"column":14}}},"fnMap":{"0":{"name":"(anonymous_0)","decl":{"start":{"line":5,"column":24},"end":{"line":5,"column":25}},"loc":{"start":{"line":6,"column":0},"end":{"line":22,"column":1}},"line":6},"1":{"name":"(anonymous_1)","decl":{"start":{"line":16,"column":19},"end":{"line":16,"column":20}},"loc":{"start":{"line":16,"column":25},"end":{"line":16,"column":46}},"line":16},"2":{"name":"(anonymous_2)","decl":{"start":{"line":24,"column":16},"end":{"line":24,"column":17}},"loc":{"start":{"line":25,"column":0},"end":{"line":35,"column":1}},"line":25},"3":{"name":"(anonymous_3)","decl":{"start":{"line":26,"column":31},"end":{"line":26,"column":32}},"loc":{"start":{"line":26,"column":42},"end":{"line":26,"column":87}},"line":26},"4":{"name":"(anonymous_4)","decl":{"start":{"line":28,"column":12},"end":{"line":28,"column":13}},"loc":{"start":{"line":29,"column":2},"end":{"line":32,"column":3}},"line":29},"5":{"name":"(anonymous_5)","decl":{"start":{"line":31,"column":11},"end":{"line":31,"column":12}},"loc":{"start":{"line":31,"column":17},"end":{"line":31,"column":77}},"line":31}},"branchMap":{"0":{"loc":{"start":{"line":10,"column":4},"end":{"line":19,"column":5}},"type":"if","locations":[{"start":{"line":10,"column":4},"end":{"line":19,"column":5}},{"start":{"line":10,"column":4},"end":{"line":19,"column":5}}],"line":10},"1":{"loc":{"start":{"line":26,"column":44},"end":{"line":26,"column":85}},"type":"if","locations":[{"start":{"line":26,"column":44},"end":{"line":26,"column":85}},{"start":{"line":26,"column":44},"end":{"line":26,"column":85}}],"line":26}},"s":{"0":1,"1":0,"2":0,"3":0,"4":0,"5":0,"6":0,"7":1,"8":1,"9":0,"10":0,"11":1,"12":0,"13":0,"14":0,"15":1},"f":{"0":0,"1":0,"2":1,"3":0,"4":0,"5":0},"b":{"0":[0,0],"1":[0,0]},"_coverageSchema":"1a1c01bbd47fc00a2c39e90264f33305004495a9","hash":"85a498f841c0e67b037e0659a2f83637827fff0d"}
}
